c:\users\cktang\desktop\modskels17\modskels17\release\modeler.exe
c:\users\cktang\desktop\modskels17\modskels17\release\modeler.pdb
\\mac\home\documents\repos\hkust\computer_vision\modskels20\release\modeler.pdb
c:\users\cktang\desktop\modskels17\modskels17\release\vc142.pdb
c:\users\cktang\desktop\modskels17\modskels17\release\sample.obj
c:\users\cktang\desktop\modskels17\modskels17\release\modelerview.obj
c:\users\cktang\desktop\modskels17\modskels17\release\modelerui.obj
c:\users\cktang\desktop\modskels17\modskels17\release\modelerdraw.obj
c:\users\cktang\desktop\modskels17\modskels17\release\modelerapp.obj
c:\users\cktang\desktop\modskels17\modskels17\release\camera.obj
c:\users\cktang\desktop\modskels17\modskels17\release\bitmap.obj
\\mac\home\documents\repos\hkust\computer_vision\modskels20\release\vc143.pdb
\\mac\home\documents\repos\hkust\computer_vision\modskels20\release\modelerview.obj
\\mac\home\documents\repos\hkust\computer_vision\modskels20\release\bitmap.obj
\\mac\home\documents\repos\hkust\computer_vision\modskels20\release\camera.obj
\\mac\home\documents\repos\hkust\computer_vision\modskels20\release\modelerapp.obj
\\mac\home\documents\repos\hkust\computer_vision\modskels20\release\sample.obj
\\mac\home\documents\repos\hkust\computer_vision\modskels20\release\modelerui.obj
\\mac\home\documents\repos\hkust\computer_vision\modskels20\release\modelerdraw.obj
\\mac\home\documents\repos\hkust\computer_vision\modskels20\release\vc142.pdb
\\mac\home\documents\repos\hkust\computer_vision\modskels20\release\modeler.tlog\link.read.1.tlog
\\mac\home\documents\repos\hkust\computer_vision\modskels20\release\modeler.tlog\link.command.1.tlog
\\mac\home\documents\repos\hkust\computer_vision\modskels20\release\modeler.tlog\link.write.1.tlog
\\mac\home\documents\repos\hkust\computer_vision\modskels20\release\modeler.tlog\cl.read.1.tlog
\\mac\home\documents\repos\hkust\computer_vision\modskels20\release\modeler.tlog\cl.command.1.tlog
\\mac\home\documents\repos\hkust\computer_vision\modskels20\release\modeler.tlog\cl.write.1.tlog
